Thu Feb 27 11:34:22 UTC 2025
Thu Feb 27 12:29:25 UTC 2025
Fri Feb 28 12:28:50 UTC 2025
Sat Mar  1 12:26:40 UTC 2025
Sun Mar  2 12:25:45 UTC 2025
Mon Mar  3 12:29:46 UTC 2025
Tue Mar  4 12:29:59 UTC 2025
Wed Mar  5 12:29:50 UTC 2025
Thu Mar  6 12:30:00 UTC 2025
Fri Mar  7 12:28:47 UTC 2025
Sat Mar  8 12:21:04 UTC 2025
Sun Mar  9 12:20:57 UTC 2025
Mon Mar 10 12:30:46 UTC 2025
Tue Mar 11 12:30:39 UTC 2025
Wed Mar 12 12:29:57 UTC 2025
Thu Mar 13 12:30:38 UTC 2025
Fri Mar 14 12:28:57 UTC 2025
Sat Mar 15 12:26:41 UTC 2025
Sun Mar 16 12:26:45 UTC 2025
Mon Mar 17 12:31:24 UTC 2025
Tue Mar 18 12:30:40 UTC 2025
Wed Mar 19 12:30:32 UTC 2025
Thu Mar 20 12:29:07 UTC 2025
Fri Mar 21 12:29:41 UTC 2025
Sat Mar 22 12:26:55 UTC 2025
Sun Mar 23 12:27:27 UTC 2025
Mon Mar 24 12:31:52 UTC 2025
Tue Mar 25 12:30:46 UTC 2025
Wed Mar 26 12:30:56 UTC 2025
Thu Mar 27 12:31:14 UTC 2025
Fri Mar 28 12:30:09 UTC 2025
Sat Mar 29 12:27:32 UTC 2025
Sun Mar 30 12:27:45 UTC 2025
Mon Mar 31 12:31:35 UTC 2025
Tue Apr  1 12:32:33 UTC 2025
Wed Apr  2 12:31:37 UTC 2025
Thu Apr  3 12:31:09 UTC 2025
Fri Apr  4 12:30:37 UTC 2025
Sat Apr  5 12:27:34 UTC 2025
Sun Apr  6 12:27:37 UTC 2025
Mon Apr  7 12:32:22 UTC 2025
Tue Apr  8 12:31:48 UTC 2025
Wed Apr  9 12:31:53 UTC 2025
Thu Apr 10 12:32:09 UTC 2025
Fri Apr 11 12:31:17 UTC 2025
Sat Apr 12 12:27:41 UTC 2025
Sun Apr 13 12:28:13 UTC 2025
Mon Apr 14 12:31:49 UTC 2025
Tue Apr 15 12:31:46 UTC 2025
Wed Apr 16 12:32:01 UTC 2025
Thu Apr 17 12:31:22 UTC 2025
Fri Apr 18 12:30:11 UTC 2025
Sat Apr 19 12:27:48 UTC 2025
Sun Apr 20 12:28:01 UTC 2025
Mon Apr 21 12:30:51 UTC 2025
Tue Apr 22 12:31:27 UTC 2025
Wed Apr 23 12:31:55 UTC 2025
Thu Apr 24 12:32:46 UTC 2025
Fri Apr 25 12:31:54 UTC 2025
Sat Apr 26 12:28:06 UTC 2025
Sun Apr 27 12:28:24 UTC 2025
Mon Apr 28 12:33:35 UTC 2025
Tue Apr 29 12:33:55 UTC 2025
Wed Apr 30 12:31:39 UTC 2025
Thu May  1 12:31:03 UTC 2025
Fri May  2 12:31:23 UTC 2025
Sat May  3 12:28:43 UTC 2025
Sun May  4 12:29:20 UTC 2025
Mon May  5 12:32:24 UTC 2025
Tue May  6 12:34:25 UTC 2025
Wed May  7 12:34:23 UTC 2025
Thu May  8 12:32:35 UTC 2025
Fri May  9 12:31:58 UTC 2025
Sat May 10 12:29:00 UTC 2025
Sun May 11 12:28:55 UTC 2025
Mon May 12 12:33:43 UTC 2025
Tue May 13 12:34:13 UTC 2025
Wed May 14 12:32:48 UTC 2025
Thu May 15 12:33:10 UTC 2025
Fri May 16 12:33:05 UTC 2025
Sat May 17 12:29:21 UTC 2025
Sun May 18 12:29:44 UTC 2025
Mon May 19 12:34:31 UTC 2025
Tue May 20 12:34:41 UTC 2025
Wed May 21 12:33:30 UTC 2025
Thu May 22 12:34:06 UTC 2025
Fri May 23 12:32:22 UTC 2025
Sat May 24 12:29:18 UTC 2025
Sun May 25 12:29:49 UTC 2025
Mon May 26 12:32:29 UTC 2025
Tue May 27 12:34:09 UTC 2025
Wed May 28 12:34:16 UTC 2025
Thu May 29 12:33:09 UTC 2025
Fri May 30 12:32:48 UTC 2025
Sat May 31 12:30:00 UTC 2025
Sun Jun  1 12:30:54 UTC 2025
Mon Jun  2 12:34:21 UTC 2025
Tue Jun  3 12:34:33 UTC 2025
Wed Jun  4 12:34:29 UTC 2025
Thu Jun  5 12:34:27 UTC 2025
Fri Jun  6 12:32:58 UTC 2025
Sat Jun  7 12:30:14 UTC 2025
Sun Jun  8 12:30:16 UTC 2025
Mon Jun  9 12:34:18 UTC 2025
Tue Jun 10 12:35:00 UTC 2025
Wed Jun 11 12:34:45 UTC 2025
Thu Jun 12 12:33:47 UTC 2025
Fri Jun 13 12:33:55 UTC 2025
Sat Jun 14 12:30:31 UTC 2025
Sun Jun 15 12:30:52 UTC 2025
Mon Jun 16 12:35:17 UTC 2025
Tue Jun 17 12:35:06 UTC 2025
Wed Jun 18 12:34:58 UTC 2025
Thu Jun 19 12:34:28 UTC 2025
